0 info it worked if it ends with ok
1 verbose cli [ 'node', '/usr/local/bin/npm', 'install', 'travis' ]
2 info using npm@1.3.11
3 info using node@v0.10.21
4 warn package.json convert-web@0.0.0 No repository field.
5 verbose readDependencies using package.json deps
6 verbose cache add [ 'travis', null ]
7 verbose cache add name=undefined spec="travis" args=["travis",null]
8 verbose parsed url { protocol: null,
8 verbose parsed url   slashes: null,
8 verbose parsed url   auth: null,
8 verbose parsed url   host: null,
8 verbose parsed url   port: null,
8 verbose parsed url   hostname: null,
8 verbose parsed url   hash: null,
8 verbose parsed url   search: null,
8 verbose parsed url   query: null,
8 verbose parsed url   pathname: 'travis',
8 verbose parsed url   path: 'travis',
8 verbose parsed url   href: 'travis' }
9 silly lockFile e6cc0fb2-travis travis
10 verbose lock travis /Users/peterweishapl/.npm/e6cc0fb2-travis.lock
11 silly lockFile e6cc0fb2-travis travis
12 silly lockFile e6cc0fb2-travis travis
13 verbose addNamed [ 'travis', '' ]
14 verbose addNamed [ null, '*' ]
15 silly lockFile ca03b7ec-travis travis@
16 verbose lock travis@ /Users/peterweishapl/.npm/ca03b7ec-travis.lock
17 silly addNameRange { name: 'travis', range: '*', hasData: false }
18 verbose url raw travis
19 verbose url resolving [ 'https://registry.npmjs.org/', './travis' ]
20 verbose url resolved https://registry.npmjs.org/travis
21 info trying registry request attempt 1 at 08:35:24
22 http GET https://registry.npmjs.org/travis
23 http 404 https://registry.npmjs.org/travis
24 silly registry.get cb [ 404,
24 silly registry.get   { server: 'CouchDB/1.5.0 (Erlang OTP/R15B03)',
24 silly registry.get     date: 'Thu, 21 Nov 2013 07:35:30 GMT',
24 silly registry.get     'content-type': 'application/json',
24 silly registry.get     'content-length': '52',
24 silly registry.get     'cache-control': 'must-revalidate' } ]
25 silly lockFile ca03b7ec-travis travis@
26 silly lockFile ca03b7ec-travis travis@
27 error 404 'travis' is not in the npm registry.
27 error 404 You should bug the author to publish it
27 error 404
27 error 404 Note that you can also install from a
27 error 404 tarball, folder, or http url, or git url.
28 error System Darwin 13.0.0
29 error command "node" "/usr/local/bin/npm" "install" "travis"
30 error cwd /Users/peterweishapl/Dropbox/Projects/vinologic/convert-web
31 error node -v v0.10.21
32 error npm -v 1.3.11
33 error code E404
34 verbose exit [ 1, true ]
